<?xml version="1.0" encoding="UTF-8"?><testrun name="RunnerTeste" project="Desafio" tests="2" started="2" failures="0" errors="1" ignored="0">
  <testsuite name="runner.RunnerTeste" time="38.022">
    <testsuite name="Acessar o site da accenture e aceitar os cookies do LGPD" time="23.393">
      <testcase name="Aceitar o cookie LGPD" classname="Acessar o site da accenture e aceitar os cookies do LGPD" time="23.393"/>
    </testsuite>
    <testsuite name="Sobre a accenture" time="14.629">
      <testcase name="Ver as características da accenture" classname="Sobre a accenture" time="14.629">
        <error>org.openqa.selenium.ElementNotInteractableException: element not interactable
  (Session info: chrome=91.0.4472.101)
Build info: version: '3.141.59', revision: 'e82be7d358', time: '2018-11-14T08:17:03'
System info: host: 'PRISCILA', ip: '192.168.56.1', os.name: 'Windows 10', os.arch: 'amd64', os.version: '10.0', java.version: '13.0.2'
Driver info: org.openqa.selenium.chrome.ChromeDriver
Capabilities {acceptInsecureCerts: false, browserName: chrome, browserVersion: 91.0.4472.101, chrome: {chromedriverVersion: 91.0.4472.19 (1bf021f248676..., userDataDir: C:\Users\Pri\AppData\Local\...}, goog:chromeOptions: {debuggerAddress: localhost:52181}, javascriptEnabled: true, networkConnectionEnabled: false, pageLoadStrategy: normal, platform: WINDOWS, platformName: WINDOWS, proxy: Proxy(), setWindowRect: true, strictFileInteractability: false, timeouts: {implicit: 0, pageLoad: 300000, script: 30000}, unhandledPromptBehavior: dismiss and notify, webauthn:extension:largeBlob: true, webauthn:virtualAuthenticators: true}
Session ID: 404fac8c63c28bee3599f646be5bab4b&#13;
	at java.base/jdk.internal.reflect.NativeConstructorAccessorImpl.newInstance0(Native Method)&#13;
	at java.base/jdk.internal.reflect.NativeConstructorAccessorImpl.newInstance(NativeConstructorAccessorImpl.java:62)&#13;
	at java.base/jdk.internal.reflect.DelegatingConstructorAccessorImpl.newInstance(DelegatingConstructorAccessorImpl.java:45)&#13;
	at java.base/java.lang.reflect.Constructor.newInstanceWithCaller(Constructor.java:500)&#13;
	at java.base/java.lang.reflect.Constructor.newInstance(Constructor.java:481)&#13;
	at org.openqa.selenium.remote.http.W3CHttpResponseCodec.createException(W3CHttpResponseCodec.java:187)&#13;
	at org.openqa.selenium.remote.http.W3CHttpResponseCodec.decode(W3CHttpResponseCodec.java:122)&#13;
	at org.openqa.selenium.remote.http.W3CHttpResponseCodec.decode(W3CHttpResponseCodec.java:49)&#13;
	at org.openqa.selenium.remote.HttpCommandExecutor.execute(HttpCommandExecutor.java:158)&#13;
	at org.openqa.selenium.remote.service.DriverCommandExecutor.execute(DriverCommandExecutor.java:83)&#13;
	at org.openqa.selenium.remote.RemoteWebDriver.execute(RemoteWebDriver.java:552)&#13;
	at org.openqa.selenium.remote.RemoteWebElement.execute(RemoteWebElement.java:285)&#13;
	at org.openqa.selenium.remote.RemoteWebElement.click(RemoteWebElement.java:84)&#13;
	at steps.CaseTesteSobreAAccentureSteps.clico_no_item_do_menu_a_accenture(CaseTesteSobreAAccentureSteps.java:42)&#13;
	at ✽.clico no item do menu "sobre a accenture" a accenture(file:///C:/Users/Pri/Google%20Drive%20(priscillaabcardoso@gmail.com)/QA%20Gama%20Academy/Desafio%20Automação/Desafio/src/test/java/features/case_teste_sobre_a_accenture.feature:9)&#13;
&#13;
</error>
      </testcase>
    </testsuite>
  </testsuite>
</testrun>
